38 messages loaded from file messagesTCH.txt
0 messages loaded from file messagesSTD.txt
0 Asserts Loaded
[[1;31m0[0m] [0m[1;31mSTARTING simulation
[0m[0m	[[1;31m0[0m] [0m[1;32mProcess [0] created from program [SystemIdleProcess][0m
[0m	[[1;31m0[0m] [0m[1;32mProcess [1] created from program [programMEMADD][0m
[0m	[[1;31m0[0m] [0m[1;32mProcess [2] created from program [programVerySimple][0m
[0m[[1;31m1[0m] [0m{0D 000 000} IRET 0 0 (PID: [1;32m1[0m, PC: [1;31m0[0m, Accumulator: [1;31m0[0m, PSW: [1;31m0002[0m [[1;31m--------------Z-[0m], IntLine: [[1;31m0000[0m])
[0m[2] {01 014 000} ADD 20 0 (PID: [1;32m1[0m, PC: [1;31m1[0m, Accumulator: [1;31m20[0m, PSW: [1;31m0000[0m [[1;31m----------------[0m], IntLine: [[1;31m0000[0m])
[0m[3] {08 01D 000} WRITE 29 0 (PID: [1;32m1[0m, PC: [1;31m2[0m, Accumulator: [1;31m20[0m, PSW: [1;31m0000[0m [[1;31m----------------[0m], IntLine: [[1;31m0000[0m])
[0m[4] {11 000 01D} MEMADD 0 29 (PID: [1;32m1[0m, PC: [1;31m3[0m, Accumulator: [1;31m40[0m, PSW: [1;31m0000[0m [[1;31m----------------[0m], IntLine: [[1;31m0000[0m])
[0m[5] {0E 000 001} MOV 0 1 (PID: [1;32m1[0m, PC: [1;31m4[0m, Accumulator: [1;31m40[0m, PSW: [1;31m0000[0m [[1;31m----------------[0m], IntLine: [[1;31m0000[0m])
[0m[6] {01 000 000} ADD 0 0 (PID: [1;32m1[0m, PC: [1;31m5[0m, Accumulator: [1;31m0[0m, PSW: [1;31m0002[0m [[1;31m--------------Z-[0m], IntLine: [[1;31m0000[0m])
[0m[7] {11 001 01D} MEMADD 1 29 (PID: [1;32m1[0m, PC: [1;31m6[0m, Accumulator: [1;31m60[0m, PSW: [1;31m0000[0m [[1;31m----------------[0m], IntLine: [[1;31m0000[0m])
[0m[8] {0E 000 002} MOV 0 2 (PID: [1;32m1[0m, PC: [1;31m7[0m, Accumulator: [1;31m60[0m, PSW: [1;31m0000[0m [[1;31m----------------[0m], IntLine: [[1;31m0000[0m])
[0m[9] {01 000 000} ADD 0 0 (PID: [1;32m1[0m, PC: [1;31m8[0m, Accumulator: [1;31m0[0m, PSW: [1;31m0002[0m [[1;31m--------------Z-[0m], IntLine: [[1;31m0000[0m])
[0m[10] {11 002 01D} MEMADD 2 29 (PID: [1;32m1[0m, PC: [1;31m9[0m, Accumulator: [1;31m80[0m, PSW: [1;31m0000[0m [[1;31m----------------[0m], IntLine: [[1;31m0000[0m])
[0m[11] {11 309 01D} MEMADD 777 29 (PID: [1;32m1[0m, PC: [1;31m10[0m, Accumulator: [1;31m100[0m, PSW: [1;31m0000[0m [[1;31m----------------[0m], IntLine: [[1;31m0000[0m])
[0m[12] {04 003 000} TRAP 3 0 (PID: [1;32m1[0m, PC: [1;31m11[0m, Accumulator: [1;31m100[0m, PSW: [1;31m0000[0m [[1;31m----------------[0m], IntLine: [[1;31m0004[0m])
[0m[[1;31m13[0m] [0m{0C 002 000} OS 2 0 (PID: [1;32m1[0m, PC: [1;31m242[0m, Accumulator: [1;31m100[0m, PSW: [1;31m0080[0m [[1;31m--------X-------[0m], IntLine: [[1;31m0000[0m])
[0m	[[1;31m14[0m] [0m[1;31mProcess [1 - programMEMADD] has requested to terminate[0m
[0m[[1;31m15[0m] [0m{0D 000 000} IRET 0 0 (PID: [1;32m2[0m, PC: [1;31m0[0m, Accumulator: [1;31m100[0m, PSW: [1;31m0000[0m [[1;31m----------------[0m], IntLine: [[1;31m0000[0m])
[0m[16] {05 000 000} NOP 0 0 (PID: [1;32m2[0m, PC: [1;31m1[0m, Accumulator: [1;31m100[0m, PSW: [1;31m0000[0m [[1;31m----------------[0m], IntLine: [[1;31m0000[0m])
[0m[17] {04 005 000} TRAP 5 0 (PID: [1;32m2[0m, PC: [1;31m2[0m, Accumulator: [1;31m100[0m, PSW: [1;31m0000[0m [[1;31m----------------[0m], IntLine: [[1;31m0004[0m])
[0m[[1;31m18[0m] [0m{0C 002 000} OS 2 0 (PID: [1;32m2[0m, PC: [1;31m242[0m, Accumulator: [1;31m100[0m, PSW: [1;31m0080[0m [[1;31m--------X-------[0m], IntLine: [[1;31m0000[0m])
[0m	[[1;31m19[0m] [0m[1;32mProcess [2 - programVerySimple] has the processor assigned.	Processor general registers [A: 40] [B: 60][0m
[0m[[1;31m20[0m] [0m{0D 000 000} IRET 0 0 (PID: [1;32m2[0m, PC: [1;31m2[0m, Accumulator: [1;31m100[0m, PSW: [1;31m0000[0m [[1;31m----------------[0m], IntLine: [[1;31m0000[0m])
[0m[21] {01 00A 80D} ADD 10 -13 (PID: [1;32m2[0m, PC: [1;31m3[0m, Accumulator: [1;31m-3[0m, PSW: [1;31m0004[0m [[1;31m-------------N--[0m], IntLine: [[1;31m0000[0m])
[0m[22] {08 00F 000} WRITE 15 0 (PID: [1;32m2[0m, PC: [1;31m4[0m, Accumulator: [1;31m-3[0m, PSW: [1;31m0004[0m [[1;31m-------------N--[0m], IntLine: [[1;31m0000[0m])
[0m[23] {0B 000 000} HALT 0 0 (PID: [1;32m2[0m, PC: [1;31m4[0m, Accumulator: [1;31m-3[0m, PSW: [1;31m0005[0m [[1;31m-------------N-S[0m], IntLine: [[1;31m0000[0m])
[0m[23] [1;31mEND of the simulation
[0m[0m